<?xml version="1.0" encoding="utf-8"?><testsuites><testsuite name="pytest" errors="0" failures="0" skipped="0" tests="19" time="0.333" timestamp="2026-03-03T17:32:24.782885+08:00" hostname="qijiaxi-MacBook-Pro.local"><testcase classname="testcase.Business interface.test_business_scenario.TestEBusinessScenario" name="test_business_scenario[case_info0]" time="0.042" /><testcase classname="testcase.Business interface.test_business_scenario.TestEBusinessScenario" name="test_business_scenario[case_info1]" time="0.023" /><testcase classname="testcase.Business interface.test_business_scenario.TestEBusinessScenario" name="test_business_scenario[case_info2]" time="0.011" /><testcase classname="testcase.Business interface.test_business_scenario.TestEBusinessScenario" name="test_business_scenario[case_info3]" time="0.013" /><testcase classname="testcase.Business interface.test_business_scenario.TestEBusinessScenario" name="test_business_scenario[case_info4]" time="0.011" /><testcase classname="testcase.ProductManager.test_productList.TestLogin" name="test_get_product_list[base_info0-testcase0]" time="0.011" /><testcase classname="testcase.ProductManager.test_productList.TestLogin" name="test_get_product_detail[base_info0-testcase0]" time="0.010" /><testcase classname="testcase.ProductManager.test_productList.TestLogin" name="test_commit_order[base_info0-testcase0]" time="0.011" /><testcase classname="testcase.ProductManager.test_productList.TestLogin" name="test_order_pay[base_info0-testcase0]" time="0.014" /><testcase classname="testcase.Single interface.test_debug_api.TestUserManager" name="test_add_user[base_info0-testcase0]" time="0.010" /><testcase classname="testcase.Single interface.test_debug_api.TestUserManager" name="test_add_user[base_info1-testcase1]" time="0.009" /><testcase classname="testcase.Single interface.test_debug_api.TestUserManager" name="test_add_user[base_info2-testcase2]" time="0.008" /><testcase classname="testcase.Single interface.test_debug_api.TestUserManager" name="test_add_user[base_info3-testcase3]" time="0.008" /><testcase classname="testcase.Single interface.test_debug_api.TestUserManager" name="test_update_user[base_info0-testcase0]" time="0.006" /><testcase classname="testcase.Single interface.test_debug_api.TestUserManager" name="test_delete_user[base_info0-testcase0]" time="0.013" /><testcase classname="testcase.Single interface.test_debug_api.TestUserManager" name="test_delete_user[base_info1-testcase1]" time="0.026" /><testcase classname="testcase.Single interface.test_debug_api.TestUserManager" name="test_delete_user[base_info2-testcase2]" time="0.012" /><testcase classname="testcase.Single interface.test_debug_api.TestUserManager" name="test_delete_user[base_info3-testcase3]" time="0.007" /><testcase classname="testcase.Single interface.test_debug_api.TestUserManager" name="test_query_user[base_info0-testcase0]" time="0.018" /></testsuite></testsuites>